<?xml version="1.0" encoding="UTF-8"?>
<!-- Generated by org.testng.reporters.JUnitXMLReporter -->
<testsuite ignored="0" hostname="IN-6Y2L2J3" failures="1" tests="1" name="Test" time="0.124" errors="0" timestamp="2023-10-05T14:49:23 IST">
  <testcase classname="jenkinsMavenIntegration.SampleTestCase" name="lauchBrowser" time="0.015">
    <failure type="java.lang.NullPointerException">
      <![CDATA[java.lang.NullPointerException
at jenkinsMavenIntegration.SampleTestCase.lauchBrowser(SampleTestCase.java:36)
at java.base/java.util.ArrayList.forEach(ArrayList.java:1540)
... Removed 31 stack frames]]>
    </failure>
  </testcase> <!-- lauchBrowser -->
</testsuite> <!-- Test -->
